<?xml version="1.0" encoding="UTF-8"?>
<testsuite xmlns:xsi="http://www.w3.org/2001/XMLSchema-instance" xsi:noNamespaceSchemaLocation="https://maven.apache.org/surefire/maven-surefire-plugin/xsd/surefire-test-report-3.0.xsd" version="3.0" name="com.company.ratelimiter.unit.LuaScriptLoaderTest" time="0.023" tests="5" errors="0" skipped="0" failures="0">
  <properties>
[...]
</properties>
  <testcase name="testScriptCaching" classname="com.company.ratelimiter.unit.LuaScriptLoaderTest" time="0.003">
    <system-out><![CDATA[2026-02-03T11:25:30.638+05:30  INFO 22648 --- [distributed-rate-limiter-demo] [           main] c.c.ratelimiter.scripts.LuaScriptLoader  : Loaded Lua script: sliding_window_log (1951 bytes)
]]></system-out>
  </testcase>
  <testcase name="testLoadNonExistentScript" classname="com.company.ratelimiter.unit.LuaScriptLoaderTest" time="0.007"/>
  <testcase name="testClearCache" classname="com.company.ratelimiter.unit.LuaScriptLoaderTest" time="0.003">
    <system-out><![CDATA[2026-02-03T11:25:30.650+05:30  INFO 22648 --- [distributed-rate-limiter-demo] [           main] c.c.ratelimiter.scripts.LuaScriptLoader  : Loaded Lua script: sliding_window_log (1951 bytes)
2026-02-03T11:25:30.650+05:30  INFO 22648 --- [distributed-rate-limiter-demo] [           main] c.c.ratelimiter.scripts.LuaScriptLoader  : Lua script cache cleared
2026-02-03T11:25:30.651+05:30  INFO 22648 --- [distributed-rate-limiter-demo] [           main] c.c.ratelimiter.scripts.LuaScriptLoader  : Loaded Lua script: sliding_window_log (1951 bytes)
]]></system-out>
  </testcase>
  <testcase name="testLoadSlidingWindowLogScript" classname="com.company.ratelimiter.unit.LuaScriptLoaderTest" time="0.003">
    <system-out><![CDATA[2026-02-03T11:25:30.653+05:30  INFO 22648 --- [distributed-rate-limiter-demo] [           main] c.c.ratelimiter.scripts.LuaScriptLoader  : Loaded Lua script: sliding_window_log (1951 bytes)
]]></system-out>
  </testcase>
  <testcase name="testLoadSlidingWindowMultiScript" classname="com.company.ratelimiter.unit.LuaScriptLoaderTest" time="0.002">
    <system-out><![CDATA[2026-02-03T11:25:30.658+05:30  INFO 22648 --- [distributed-rate-limiter-demo] [           main] c.c.ratelimiter.scripts.LuaScriptLoader  : Loaded Lua script: sliding_window_multi (2942 bytes)
]]></system-out>
  </testcase>
</testsuite>