<?xml version="1.0" encoding="UTF-8"?>
<testsuite xmlns:xsi="http://www.w3.org/2001/XMLSchema-instance" xsi:noNamespaceSchemaLocation="https://maven.apache.org/surefire/maven-surefire-plugin/xsd/surefire-test-report-3.0.xsd" version="3.0" name="com.company.ratelimiter.integration.RateLimiterIntegrationTest" time="7.602" tests="5" errors="0" skipped="0" failures="0">
  <properties>
[...]
</properties>
  <testcase name="testMultipleDimensions" classname="com.company.ratelimiter.integration.RateLimiterIntegrationTest" time="1.663">
    <system-out><![CDATA[
  .   ____          _            __ _ _
 /\\ / ___'_ __ _ _(_)_ __  __ _ \ \ \ \
( ( )\___ | '_ | '_| | '_ \/ _` | \ \ \ \
 \\/  ___)| |_)| | | | | || (_| |  ) ) ) )
  '  |____| .__|_| |_|_| |_\__, | / / / /
 =========|_|==============|___/=/_/_/_/
 :: Spring Boot ::                (v3.2.1)

2026-02-03T11:25:24.087+05:30  INFO 22648 --- [distributed-rate-limiter-demo] [           main] c.c.r.i.RateLimiterIntegrationTest       : Starting RateLimiterIntegrationTest using Java 22.0.1 with PID 22648 (started by Hi Ravid! in C:\Users\Ravid r\distributed-rate-limiter)
2026-02-03T11:25:24.089+05:30  INFO 22648 --- [distributed-rate-limiter-demo] [           main] c.c.r.i.RateLimiterIntegrationTest       : No active profile set, falling back to 1 default profile: "default"
2026-02-03T11:25:25.515+05:30  INFO 22648 --- [distributed-rate-limiter-demo] [           main] .s.d.r.c.RepositoryConfigurationDelegate : Multiple Spring Data modules found, entering strict repository configuration mode
2026-02-03T11:25:25.519+05:30  INFO 22648 --- [distributed-rate-limiter-demo] [           main] .s.d.r.c.RepositoryConfigurationDelegate : Bootstrapping Spring Data Redis repositories in DEFAULT mode.
2026-02-03T11:25:25.557+05:30  INFO 22648 --- [distributed-rate-limiter-demo] [           main] .s.d.r.c.RepositoryConfigurationDelegate : Finished Spring Data repository scanning in 21 ms. Found 0 Redis repository interfaces.
2026-02-03T11:25:26.492+05:30  INFO 22648 --- [distributed-rate-limiter-demo] [           main] c.c.r.c.RateLimiterAutoConfiguration     : ================================================================================
2026-02-03T11:25:26.492+05:30  INFO 22648 --- [distributed-rate-limiter-demo] [           main] c.c.r.c.RateLimiterAutoConfiguration     : Distributed Rate Limiter Auto-Configuration
2026-02-03T11:25:26.493+05:30  INFO 22648 --- [distributed-rate-limiter-demo] [           main] c.c.r.c.RateLimiterAutoConfiguration     : ================================================================================
2026-02-03T11:25:26.495+05:30  INFO 22648 --- [distributed-rate-limiter-demo] [           main] c.c.r.s.RateLimitStrategyResolver        : Registered 3 rate limit rules
2026-02-03T11:25:26.497+05:30  INFO 22648 --- [distributed-rate-limiter-demo] [           main] c.c.r.s.RateLimitStrategyResolver        :   - user: 100 req/60 sec (priority: 1)
2026-02-03T11:25:26.498+05:30  INFO 22648 --- [distributed-rate-limiter-demo] [           main] c.c.r.s.RateLimitStrategyResolver        :   - ip: 1000 req/60 sec (priority: 2)
2026-02-03T11:25:26.498+05:30  INFO 22648 --- [distributed-rate-limiter-demo] [           main] c.c.r.s.RateLimitStrategyResolver        :   - apikey: 5000 req/60 sec (priority: 3)
2026-02-03T11:25:26.499+05:30  INFO 22648 --- [distributed-rate-limiter-demo] [           main] c.c.r.c.RateLimiterAutoConfiguration     : Rate Limiter Configuration:
2026-02-03T11:25:26.499+05:30  INFO 22648 --- [distributed-rate-limiter-demo] [           main] c.c.r.c.RateLimiterAutoConfiguration     :   - Enabled: true
2026-02-03T11:25:26.499+05:30  INFO 22648 --- [distributed-rate-limiter-demo] [           main] c.c.r.c.RateLimiterAutoConfiguration     :   - Redis: localhost:6380
2026-02-03T11:25:26.499+05:30  INFO 22648 --- [distributed-rate-limiter-demo] [           main] c.c.r.c.RateLimiterAutoConfiguration     :   - Circuit Breaker: true (fallback: LOCAL_CACHE)
2026-02-03T11:25:26.499+05:30  INFO 22648 --- [distributed-rate-limiter-demo] [           main] c.c.r.c.RateLimiterAutoConfiguration     :   - Rules Registered: 3
2026-02-03T11:25:26.499+05:30  INFO 22648 --- [distributed-rate-limiter-demo] [           main] c.c.r.c.RateLimiterAutoConfiguration     :   - Headers Enabled: true
2026-02-03T11:25:26.499+05:30  INFO 22648 --- [distributed-rate-limiter-demo] [           main] c.c.r.c.RateLimiterAutoConfiguration     : ================================================================================
2026-02-03T11:25:26.559+05:30  INFO 22648 --- [distributed-rate-limiter-demo] [           main] c.c.r.config.RedisConfiguration          : Redis connection factory configured: localhost:6380
2026-02-03T11:25:27.154+05:30  INFO 22648 --- [distributed-rate-limiter-demo] [           main] c.c.r.config.RedisConfiguration          : RedisTemplate configured for rate limiter
2026-02-03T11:25:27.253+05:30  INFO 22648 --- [distributed-rate-limiter-demo] [           main] c.c.ratelimiter.scripts.LuaScriptLoader  : Loaded Lua script: sliding_window_log (1951 bytes)
2026-02-03T11:25:27.255+05:30  INFO 22648 --- [distributed-rate-limiter-demo] [           main] c.c.ratelimiter.scripts.LuaScriptLoader  : Loaded Lua script: sliding_window_multi (2942 bytes)
2026-02-03T11:25:27.261+05:30  INFO 22648 --- [distributed-rate-limiter-demo] [           main] c.c.r.fallback.LocalCacheFallback        : LocalCacheFallback initialized with max size: 10,000 entries
2026-02-03T11:25:27.274+05:30  INFO 22648 --- [distributed-rate-limiter-demo] [           main] c.c.r.c.CircuitBreakerConfiguration      : Circuit Breaker configured with failure rate threshold: 50%, wait duration: 10 seconds
2026-02-03T11:25:27.290+05:30  INFO 22648 --- [distributed-rate-limiter-demo] [           main] c.c.ratelimiter.core.RateLimiterService  : RateLimiterService initialized with fallback strategy: LOCAL_CACHE
2026-02-03T11:25:28.431+05:30  INFO 22648 --- [distributed-rate-limiter-demo] [           main] o.s.b.a.e.web.EndpointLinksResolver      : Exposing 2 endpoint(s) beneath base path '/actuator'
2026-02-03T11:25:28.475+05:30  INFO 22648 --- [distributed-rate-limiter-demo] [           main] c.c.r.metrics.RateLimiterMetrics         : Rate limiter metrics registered with Micrometer
2026-02-03T11:25:28.533+05:30  INFO 22648 --- [distributed-rate-limiter-demo] [           main] c.c.r.i.RateLimiterIntegrationTest       : Started RateLimiterIntegrationTest in 5.004 seconds (process running for 6.289)
2026-02-03T11:25:30.144+05:30  INFO 22648 --- [distributed-rate-limiter-demo] [           main] c.c.r.s.RateLimitStrategyResolver        : Registered 2 rate limit rules
2026-02-03T11:25:30.144+05:30  INFO 22648 --- [distributed-rate-limiter-demo] [           main] c.c.r.s.RateLimitStrategyResolver        :   - user: 10 req/60 sec (priority: 1)
2026-02-03T11:25:30.144+05:30  INFO 22648 --- [distributed-rate-limiter-demo] [           main] c.c.r.s.RateLimitStrategyResolver        :   - ip: 20 req/60 sec (priority: 2)
2026-02-03T11:25:30.221+05:30  INFO 22648 --- [distributed-rate-limiter-demo] [           main] c.c.r.i.RateLimiterIntegrationTest       : Request 1: allowed=true, remaining=9, fromFallback=false
2026-02-03T11:25:30.283+05:30  INFO 22648 --- [distributed-rate-limiter-demo] [           main] c.c.r.i.RateLimiterIntegrationTest       : Request 2: allowed=true, remaining=8, fromFallback=false
2026-02-03T11:25:30.287+05:30  INFO 22648 --- [distributed-rate-limiter-demo] [           main] c.c.r.i.RateLimiterIntegrationTest       : Request 3: allowed=true, remaining=7, fromFallback=false
2026-02-03T11:25:30.291+05:30  INFO 22648 --- [distributed-rate-limiter-demo] [           main] c.c.r.i.RateLimiterIntegrationTest       : Request 4: allowed=true, remaining=6, fromFallback=false
2026-02-03T11:25:30.294+05:30  INFO 22648 --- [distributed-rate-limiter-demo] [           main] c.c.r.i.RateLimiterIntegrationTest       : Request 5: allowed=true, remaining=5, fromFallback=false
2026-02-03T11:25:30.298+05:30  INFO 22648 --- [distributed-rate-limiter-demo] [           main] c.c.r.i.RateLimiterIntegrationTest       : Request 6: allowed=true, remaining=4, fromFallback=false
2026-02-03T11:25:30.303+05:30  INFO 22648 --- [distributed-rate-limiter-demo] [           main] c.c.r.i.RateLimiterIntegrationTest       : Request 7: allowed=true, remaining=3, fromFallback=false
2026-02-03T11:25:30.307+05:30  INFO 22648 --- [distributed-rate-limiter-demo] [           main] c.c.r.i.RateLimiterIntegrationTest       : Request 8: allowed=true, remaining=2, fromFallback=false
2026-02-03T11:25:30.310+05:30  INFO 22648 --- [distributed-rate-limiter-demo] [           main] c.c.r.i.RateLimiterIntegrationTest       : Request 9: allowed=true, remaining=1, fromFallback=false
2026-02-03T11:25:30.314+05:30  INFO 22648 --- [distributed-rate-limiter-demo] [           main] c.c.r.i.RateLimiterIntegrationTest       : Request 10: allowed=true, remaining=0, fromFallback=false
2026-02-03T11:25:30.318+05:30  INFO 22648 --- [distributed-rate-limiter-demo] [           main] c.c.r.i.RateLimiterIntegrationTest       : Request 11: allowed=false, remaining=0, fromFallback=false
]]></system-out>
    <system-err><![CDATA[SLF4J: Class path contains multiple SLF4J providers.
SLF4J: Found provider [ch.qos.logback.classic.spi.LogbackServiceProvider@385e9564]
SLF4J: Found provider [org.slf4j.simple.SimpleServiceProvider@5b94b04d]
SLF4J: See https://www.slf4j.org/codes.html#multiple_bindings for an explanation.
SLF4J: Actual provider is of type [ch.qos.logback.classic.spi.LogbackServiceProvider@385e9564]
WARNING: A Java agent has been loaded dynamically (C:\Users\Ravid r\.m2\repository\net\bytebuddy\byte-buddy-agent\1.14.10\byte-buddy-agent-1.14.10.jar)
WARNING: If a serviceability tool is in use, please run with -XX:+EnableDynamicAgentLoading to hide this warning
WARNING: If a serviceability tool is not in use, please run with -Djdk.instrument.traceUsage for more information
WARNING: Dynamic loading of agents will be disallowed by default in a future release
]]></system-err>
  </testcase>
  <testcase name="testConcurrentRequests" classname="com.company.ratelimiter.integration.RateLimiterIntegrationTest" time="0.055">
    <system-out><![CDATA[2026-02-03T11:25:30.352+05:30  INFO 22648 --- [distributed-rate-limiter-demo] [           main] c.c.r.s.RateLimitStrategyResolver        : Registered 2 rate limit rules
2026-02-03T11:25:30.352+05:30  INFO 22648 --- [distributed-rate-limiter-demo] [           main] c.c.r.s.RateLimitStrategyResolver        :   - user: 10 req/60 sec (priority: 1)
2026-02-03T11:25:30.352+05:30  INFO 22648 --- [distributed-rate-limiter-demo] [           main] c.c.r.s.RateLimitStrategyResolver        :   - ip: 20 req/60 sec (priority: 2)
]]></system-out>
  </testcase>
  <testcase name="testDifferentUsers" classname="com.company.ratelimiter.integration.RateLimiterIntegrationTest" time="0.15">
    <system-out><![CDATA[2026-02-03T11:25:30.407+05:30  INFO 22648 --- [distributed-rate-limiter-demo] [           main] c.c.r.s.RateLimitStrategyResolver        : Registered 2 rate limit rules
2026-02-03T11:25:30.408+05:30  INFO 22648 --- [distributed-rate-limiter-demo] [           main] c.c.r.s.RateLimitStrategyResolver        :   - user: 10 req/60 sec (priority: 1)
2026-02-03T11:25:30.408+05:30  INFO 22648 --- [distributed-rate-limiter-demo] [           main] c.c.r.s.RateLimitStrategyResolver        :   - ip: 20 req/60 sec (priority: 2)
]]></system-out>
  </testcase>
  <testcase name="testHealthCheck" classname="com.company.ratelimiter.integration.RateLimiterIntegrationTest" time="0.022">
    <system-out><![CDATA[2026-02-03T11:25:30.562+05:30  INFO 22648 --- [distributed-rate-limiter-demo] [           main] c.c.r.s.RateLimitStrategyResolver        : Registered 2 rate limit rules
2026-02-03T11:25:30.563+05:30  INFO 22648 --- [distributed-rate-limiter-demo] [           main] c.c.r.s.RateLimitStrategyResolver        :   - user: 10 req/60 sec (priority: 1)
2026-02-03T11:25:30.563+05:30  INFO 22648 --- [distributed-rate-limiter-demo] [           main] c.c.r.s.RateLimitStrategyResolver        :   - ip: 20 req/60 sec (priority: 2)
]]></system-out>
  </testcase>
  <testcase name="testBasicRateLimiting" classname="com.company.ratelimiter.integration.RateLimiterIntegrationTest" time="0.051">
    <system-out><![CDATA[2026-02-03T11:25:30.586+05:30  INFO 22648 --- [distributed-rate-limiter-demo] [           main] c.c.r.s.RateLimitStrategyResolver        : Registered 2 rate limit rules
2026-02-03T11:25:30.586+05:30  INFO 22648 --- [distributed-rate-limiter-demo] [           main] c.c.r.s.RateLimitStrategyResolver        :   - user: 10 req/60 sec (priority: 1)
2026-02-03T11:25:30.586+05:30  INFO 22648 --- [distributed-rate-limiter-demo] [           main] c.c.r.s.RateLimitStrategyResolver        :   - ip: 20 req/60 sec (priority: 2)
]]></system-out>
  </testcase>
</testsuite>